<?xml version="1.0" encoding="UTF-8"?>
<!-- Generated by org.testng.reporters.JUnitXMLReporter -->
<testsuite hostname="asd1558po01976" ignored="0" name="Default test" tests="9" failures="0" timestamp="11 Jul 2018 06:20:34 GMT" time="13.987" errors="0">
  <testcase name="SortedTables" time="1.597" classname="com.qait.snl.round2Test.Test1"/>
  <testcase name="WYSIWYG" time="1.034" classname="com.qait.snl.round2Test.Test1"/>
  <testcase name="basicAuth" time="0.152" classname="com.qait.snl.round2Test.Test1"/>
  <testcase name="brokenImages" time="0.298" classname="com.qait.snl.round2Test.Test1"/>
  <testcase name="enterIncorrectCredentials" time="0.766" classname="com.qait.snl.round2Test.Test1"/>
  <testcase name="exitIntent" time="3.799" classname="com.qait.snl.round2Test.Test1"/>
  <testcase name="hover" time="0.21" classname="com.qait.snl.round2Test.Test1"/>
  <testcase name="loginPage1" time="5.303" classname="com.qait.snl.round2Test.Test1"/>
  <testcase name="statusCode" time="0.795" classname="com.qait.snl.round2Test.Test1"/>
</testsuite> <!-- Default test -->
